* 0.080684:*:cli:run!: doom sync
* 0.080766:*:cli:context-parse: found command (doom)
* 0.080970:*:cli:load: autoload /home/vermium/.config/emacs/lisp/cli/sync.el
* 0.081000:*:cli:load: ~/.config/emacs/lisp/cli/sync.el nil
* 0.081133:*:cli:load: ~/.config/emacs/lisp/cli/packages nil
* 0.102710:*:cli:context-parse: found command (doom sync)
* 0.102960:*:cli:context-execute: doom sync
* 0.103231:*:cli:execute: (:before) ((input) (context . #s(doom-cli-context (25682 29670 576816 599000) 832237 0 (239 . 60) nil nil doom nil nil (doom sync) nil (sync) ((--jobs) (-j) (-p) (-u) (-c) (-e) (--eval) (-E) (--strict-load) (--load) (-L) (--color) (--benchmark) (--profile) (--pager) (--emacsdir) (--doomdir) (--verbose) (-v) (--debug) (-D) (--force) (-!)) ((t) ((doom sync)) ((doom) sync))  *doom-cli stdin*  *doom-cli stdout*  *doom-cli stderr* nil)) (_) (evals) (loads) (color?) (bench?) (profile) (pager) (emacsdir) (doomdir) (verbose?) (debug?) (force?))
* 0.103278:*:cli:execute: (:before doom build) nil
* 0.103300:*:cli:Initializing straight
* 0.103323::context: +packages (cli t)
* 0.103343::context:module: =[0 -110 -110 :core nil nil nil]
* 0.145367:*:cli:Initializing recipes
* 0.148746:*:cli:Installing core packages
* 0.148785:*:cli:execute: (doom sync) ((jobs) (purge?) (update?) (noelc?) (noenvvar?))
* 0.148902:*:cli:call: (doom sync) -> (doom profiles sync --reload)
* 0.148968:*:cli:context-parse: found command (doom)
* 0.149157:*:cli:load: autoload /home/vermium/.config/emacs/lisp/cli/profiles.el
* 0.149186:*:cli:load: ~/.config/emacs/lisp/cli/profiles.el nil
* 0.154143:*:cli:context-parse: found command (doom profiles)
* 0.154347:*:cli:context-parse: found command (doom profiles sync)
* 0.154532:*:cli:context-parse: found switch "--reload"
* 0.154757:*:cli:context-execute: doom profiles sync
* 0.155011:*:cli:execute: (:before) ((input) (context . #s(doom-cli-context (25682 29670 576816 599000) 832237 0 (239 . 60) nil nil doom nil nil (doom profiles sync) nil (sync) ((--reload . --reload) (--jobs) (-j) (-p) (-u) (-c) (-e) (--eval) (-E) (--strict-load) (--load) (-L) (--color) (--benchmark) (--profile) (--pager) (--emacsdir) (--doomdir) (--verbose) (-v) (--debug) (-D) (--force) (-!)) ((t) ((doom profiles sync) --reload) ((doom profiles) sync --reload) ((doom) profiles sync --reload))  *doom-cli stdin*  *doom-cli stdout*  *doom-cli stderr* nil)) (_) (evals) (loads) (color?) (bench?) (profile) (pager) (emacsdir) (doomdir) (verbose?) (debug?) (force?))
* 0.155061:*:cli:execute: (doom profiles sync) ((reload? . --reload))
  * 0.155317:*:cli:Profiles are up-to-date!
> Synchronizing "default" profile...
  * 0.156017:*:cli:call: (doom profiles sync) -> (doom env)
  * 0.156074:*:cli:context-parse: found command (doom)
  * 0.156227:*:cli:load: autoload /home/vermium/.config/emacs/lisp/cli/env.el
  * 0.156256:*:cli:load: ~/.config/emacs/lisp/cli/env.el nil
  * 0.158269:*:cli:context-parse: found command (doom env)
  * 0.158488:*:cli:context-execute: doom env
  * 0.158726:*:cli:execute: (:before) ((input) (context . #s(doom-cli-context (25682 29670 576816 599000) 832237 0 (239 . 60) nil nil doom nil nil (doom env) nil (sync) ((--deny) (-d) (--allow) (-a) (-o) (--deny-all) (--allow-all) (--reload . --reload) (--jobs) (-j) (-p) (-u) (-c) (-e) (--eval) (-E) (--strict-load) (--load) (-L) (--color) (--benchmark) (--profile) (--pager) (--emacsdir) (--doomdir) (--verbose) (-v) (--debug) (-D) (--force) (-!)) ((t) ((doom env)) ((doom) env))  *doom-cli stdin*  *doom-cli stdout*  *doom-cli stderr* nil)) (_) (evals) (loads) (color?) (bench?) (profile) (pager) (emacsdir) (doomdir) (verbose?) (debug?) (force?))
  * 0.158775:*:cli:execute: (doom env) ((rules) (output-file) (deny-only) (allow-only))
  > Regenerating envvars file
    * 0.159223:*:cli:cli:env: deny OLDPWD
    * 0.159315:*:cli:cli:env: deny DBUS_SESSION_BUS_ADDRESS
    * 0.159450:*:cli:cli:env: deny XDG_RUNTIME_DIR
    * 0.159507:*:cli:cli:env: deny XDG_VTNR
    * 0.159554:*:cli:cli:env: deny SHLVL
    * 0.159582:*:cli:cli:env: deny DISPLAY
    * 0.159606:*:cli:cli:env: deny USER
    * 0.159642:*:cli:cli:env: deny __DOOMPID
    * 0.159696:*:cli:cli:env: deny TERM
    * 0.159753:*:cli:cli:env: deny XDG_SESSION_CLASS
    * 0.159806:*:cli:cli:env: deny XDG_SEAT_PATH
    * 0.159840:*:cli:cli:env: deny XDG_CURRENT_DESKTOP
    * 0.159988:*:cli:cli:env: deny __DOOMGPIPE
    * 0.160035:*:cli:cli:env: deny HOME
    * 0.160120:*:cli:cli:env: deny XAUTHORITY
    * 0.160151:*:cli:cli:env: deny XDG_SESSION_TYPE
    * 0.160220:*:cli:cli:env: deny PWD
    * 0.160257:*:cli:cli:env: deny XDG_SEAT
    * 0.160316:*:cli:cli:env: deny __DOOMSTEP
    * 0.160355:*:cli:cli:env: deny __DOOMGEOM
    * 0.160417:*:cli:cli:env: deny I3SOCK
    * 0.160456:*:cli:cli:env: deny __DOOMPIPE
    ✓ Generated ~/.config/emacs/.local/env
  * 0.161379:*:cli:Initializing package.el
  * 0.176532:*:cli:Initializing straight.el
  * 0.176899::context: +packages (cli t)
  * 0.176929::context:module: =[1 105 -105 :user nil nil nil]
  * 0.177104::context:module: =[2 -111 -111 :config use-package nil nil]
  * 0.177617::context:module: =[0 -110 -110 :core nil nil nil]
  * 0.185520::context:module: =[1 105 -105 :user nil nil nil]
  * 0.185735::context:module: =[3 0 0 :completion company nil nil]
  * 0.186768::context:module: =[4 0 0 :completion vertico nil nil]
  * 0.190369::context:module: =[5 0 0 :ui doom nil nil]
  * 0.191140::context:module: =[6 0 0 :ui doom-dashboard nil nil]
  * 0.191174::context:module: =[7 0 0 :ui emoji (+unicode) nil]
  * 0.191596::context:module: =[8 0 0 :ui hl-todo nil nil]
  * 0.192027::context:module: =[9 0 0 :ui indent-guides nil nil]
  * 0.192471::context:module: =[10 0 0 :ui ligatures nil nil]
  * 0.192503::context:module: =[11 0 0 :ui minimap nil nil]
  * 0.192945::context:module: =[12 0 0 :ui modeline nil nil]
  * 0.194054::context:module: =[13 0 0 :ui neotree nil nil]
  * 0.194494::context:module: =[14 0 0 :ui ophints nil nil]
  * 0.195178::context:module: =[15 0 0 :ui popup (+defaults) nil]
  * 0.195215::context:module: =[16 0 0 :ui tabs nil nil]
  * 0.195640::context:module: =[17 0 0 :ui treemacs nil nil]
  * 0.197573::context:module: =[18 0 0 :ui unicode nil nil]
  * 0.198009::context:module: =[19 0 0 :ui vc-gutter (+pretty) nil]
  * 0.198693::context:module: =[20 0 0 :ui vi-tilde-fringe nil nil]
  * 0.199134::context:module: =[21 0 0 :ui window-select nil nil]
  * 0.200087::context:module: =[22 0 0 :ui workspaces nil nil]
  * 0.200529::context:module: =[23 0 0 :ui zen nil nil]
  * 0.201287::context:module: =[24 0 0 :editor evil (+everywhere) nil]
  * 0.207499::context:module: =[25 0 0 :editor file-templates nil nil]
  * 0.207980::context:module: =[26 0 0 :editor fold nil nil]
  * 0.209393::context:module: =[27 0 0 :editor format (+onsave) nil]
  * 0.209827::context:module: =[28 0 0 :editor multiple-cursors nil nil]
  * 0.210815::context:module: =[29 0 0 :editor snippets nil nil]
  * 0.211895::context:module: =[30 0 0 :editor word-wrap nil nil]
  * 0.212675::context:module: =[31 0 0 :emacs dired nil nil]
  * 0.214805::context:module: =[32 0 0 :emacs electric nil nil]
  * 0.214840::context:module: =[33 0 0 :emacs undo nil nil]
  * 0.216141::context:module: =[34 0 0 :emacs vc nil nil]
  * 0.218454::context:module: =[35 0 0 :checkers syntax nil nil]
  * 0.219485::context:module: =[36 0 0 :checkers grammar nil nil]
  * 0.220241::context:module: =[37 0 0 :tools debugger nil nil]
  * 0.221487::context:module: =[38 0 0 :tools docker nil nil]
  * 0.222579::context:module: =[39 0 0 :tools editorconfig nil nil]
  * 0.223024::context:module: =[40 0 0 :tools eval (+overlay) nil]
  * 0.223772::context:module: =[41 0 0 :tools gist nil nil]
  * 0.224199::context:module: =[42 0 0 :tools lookup nil nil]
  * 0.227695::context:module: =[43 0 0 :tools magit nil nil]
  * 0.229188::context:module: =[44 0 0 :tools pass nil nil]
  * 0.230749::context:module: =[45 0 0 :tools pdf nil nil]
  * 0.231487::context:module: =[46 0 0 :tools rgb nil nil]
  * 0.232228::context:module: =[47 0 0 :tools tmux nil nil]
  * 0.232272::context:module: =[48 0 0 :tools tree-sitter nil nil]
  * 0.233658::context:module: =[49 0 0 :tools upload nil nil]
  * 0.234101::context:module: =[50 0 0 :os tty nil nil]
  * 0.235140::context:module: =[51 0 0 :lang data nil nil]
  * 0.235606::context:module: =[52 0 0 :lang emacs-lisp nil nil]
  * 0.238531::context:module: =[53 0 0 :lang javascript nil nil]
  * 0.241196::context:module: =[54 0 0 :lang latex nil nil]
  * 0.244045::context:module: =[55 0 0 :lang lua nil nil]
  * 0.245583::context:module: =[56 0 0 :lang markdown nil nil]
  * 0.247224::context:module: =[57 0 0 :lang nix nil nil]
  * 0.248558::context:module: =[58 0 0 :lang org nil nil]
  * 0.261937::context:module: =[59 0 0 :lang php nil nil]
  * 0.265501::context:module: =[60 0 0 :lang python nil nil]
  * 0.270214::context:module: =[61 0 0 :lang rest nil nil]
  * 0.271477::context:module: =[62 0 0 :lang scheme (+guile) nil]
  * 0.275154::context:module: =[63 0 0 :lang sh nil nil]
  * 0.276191::context:module: =[64 0 0 :email mu4e (+org +gmail) nil]
  * 0.276975::context:module: =[65 0 0 :app calendar nil nil]
  * 0.278671::context:module: =[66 0 0 :config default (+bindings +smartparens) nil]
  * 0.280002::context:module: =[1 105 -105 :user nil nil nil]
  > Installing packages...
    > Building xref...
    File mode specification error: (file-missing Cannot open load file No such file or directory pkg-info)
      INFO     Scraping files for xref-autoloads.el... 
      INFO     Scraping files for xref-autoloads.el...done
    - Checked out minimap: ed7490652a676c0510ed57d5366c445de20a370b
    > Building minimap...
      INFO     Scraping files for minimap-autoloads.el... 
      INFO     Scraping files for minimap-autoloads.el...done
    > Updating recipe repos...
      > Updating recipes for melpa...
      > Updating recipes for nongnu-elpa...
      > Updating recipes for gnu-elpa-mirror...
      > Updating recipes for el-get...
      > Updating recipes for emacsmirror-mirror...
    > Cloning emacs-neotree...
    > Building neotree...
      INFO     Scraping files for neotree-autoloads.el... 
      INFO     Scraping files for neotree-autoloads.el...done
    > Cloning centaur-tabs...
    - Checked out centaur-tabs: a2890d968d877b269a814a691356fc5877833c39
    > Building centaur-tabs...
    > Building centaur-tabs > Cloning powerline...
    > Building centaur-tabs > Building powerline...
      INFO     Scraping files for powerline-autoloads.el... 
      INFO     Scraping files for powerline-autoloads.el...done
    > Building centaur-tabs...
      INFO     Scraping files for centaur-tabs-autoloads.el... 
      INFO     Scraping files for centaur-tabs-autoloads.el...done
    > Cloning treemacs...
    - Checked out treemacs: 9986d6cd3d2822db7ae0e6d8a275db7057f3e828
    > Building treemacs...
    > Building treemacs > Cloning ace-window...
    - Checked out ace-window: 77115afc1b0b9f633084cf7479c767988106c196
    > Building treemacs > Building ace-window...
      INFO     Scraping files for ace-window-autoloads.el... 
      INFO     Scraping files for ace-window-autoloads.el...done
    > Building treemacs > Cloning pfuture...
    > Building treemacs > Building pfuture...
      INFO     Scraping files for pfuture-autoloads.el... 
      INFO     Scraping files for pfuture-autoloads.el...done
    > Building treemacs > Cloning hydra...
    > Building treemacs > Building hydra...
    > Building treemacs > Building hydra > Building lv...
      INFO     Scraping files for lv-autoloads.el... 
      INFO     Scraping files for lv-autoloads.el...done
    > Building treemacs > Building hydra...
      INFO     Scraping files for hydra-autoloads.el... 
      INFO     Scraping files for hydra-autoloads.el...done
    > Building treemacs > Cloning cfrs...
    > Building treemacs > Building cfrs...
    > Building treemacs > Building cfrs > Cloning posframe...
    > Building treemacs > Building cfrs > Building posframe...
      INFO     Scraping files for posframe-autoloads.el... 
      INFO     Scraping files for posframe-autoloads.el...done
    > Building treemacs > Building cfrs...
      INFO     Scraping files for cfrs-autoloads.el... 
      INFO     Scraping files for cfrs-autoloads.el...done
    > Building treemacs...
      INFO     Scraping files for treemacs-autoloads.el... 
      INFO     Scraping files for treemacs-autoloads.el...done
    > Building treemacs-evil...
      INFO     Scraping files for treemacs-evil-autoloads.el... 
      INFO     Scraping files for treemacs-evil-autoloads.el...done
    > Building treemacs-projectile...
      INFO     Scraping files for treemacs-projectile-autoloads.el... 
      INFO     Scraping files for treemacs-projectile-autoloads.el...done
    > Building treemacs-magit...
      INFO     Scraping files for treemacs-magit-autoloads.el... 
      INFO     Scraping files for treemacs-magit-autoloads.el...done
    > Building treemacs-persp...
      INFO     Scraping files for treemacs-persp-autoloads.el... 
      INFO     Scraping files for treemacs-persp-autoloads.el...done
    > Cloning unicode-fonts...
    - Checked out unicode-fonts: 44d0a22420c39709d1e1fa659a3f135facf3c986
    > Building unicode-fonts...
    > Building unicode-fonts > Cloning font-utils...
    > Building unicode-fonts > Building font-utils...
    > Building unicode-fonts > Building font-utils > Cloning persistent-soft...
    > Building unicode-fonts > Building font-utils > Building persistent-soft...
    > Building unicode-fonts > Building font-utils > Building persistent-soft > Cloning pcache...
    > Building unicode-fonts > Building font-utils > Building persistent-soft > Building pcache...
      INFO     Scraping files for pcache-autoloads.el... 
      INFO     Scraping files for pcache-autoloads.el...done
    > Building unicode-fonts > Building font-utils > Building persistent-soft > Cloning list-utils...
    > Building unicode-fonts > Building font-utils > Building persistent-soft > Building list-utils...
      INFO     Scraping files for list-utils-autoloads.el... 
      INFO     Scraping files for list-utils-autoloads.el...done
    > Building unicode-fonts > Building font-utils > Building persistent-soft...
      INFO     Scraping files for persistent-soft-autoloads.el... 
      INFO     Scraping files for persistent-soft-autoloads.el...done
    > Building unicode-fonts > Building font-utils...
      INFO     Scraping files for font-utils-autoloads.el... 
      INFO     Scraping files for font-utils-autoloads.el...done
    > Building unicode-fonts > Cloning ucs-utils...
    > Building unicode-fonts > Building ucs-utils...
      INFO     Scraping files for ucs-utils-autoloads.el... 
      INFO     Scraping files for ucs-utils-autoloads.el...done
    > Building unicode-fonts...
      INFO     Scraping files for unicode-fonts-autoloads.el... 
      INFO     Scraping files for unicode-fonts-autoloads.el...done
    > Cloning writeroom-mode...
    - Checked out writeroom-mode: 1fd52848eb58301c864712fd26c4ec37a938cc19
    > Building writeroom-mode...
    > Building writeroom-mode > Cloning visual-fill-column...
    - Checked out visual-fill-column: 695a59789209c42fa08a5bce92963ee32f4455be
    > Building writeroom-mode > Building visual-fill-column...
      INFO     Scraping files for visual-fill-column-autoloads.el... 
      INFO     Scraping files for visual-fill-column-autoloads.el...done
    > Building writeroom-mode...
      INFO     Scraping files for writeroom-mode-autoloads.el... 
      INFO     Scraping files for writeroom-mode-autoloads.el...done
    > Cloning mixed-pitch...
    - Checked out mixed-pitch: 519e05f74825abf04b7d2e0e38ec040d013a125a
    > Building mixed-pitch...
      INFO     Scraping files for mixed-pitch-autoloads.el... 
      INFO     Scraping files for mixed-pitch-autoloads.el...done
    > Cloning ts-fold...
    - Checked out ts-fold: 9d9e0c5cf7b5397e06571bb6bf497598dc8796a8
    > Building ts-fold...
    > Building ts-fold > Cloning elisp-tree-sitter (for tree-sitter)...
    > Building ts-fold > Building tree-sitter...
    > Building ts-fold > Building tree-sitter > Building tsc...
      INFO     Scraping files for tsc-autoloads.el... 
      INFO     Scraping files for tsc-autoloads.el...done
    > Building ts-fold > Building tree-sitter...
      INFO     Scraping files for tree-sitter-autoloads.el... 
      INFO     Scraping files for tree-sitter-autoloads.el...done
    > Building ts-fold...
      INFO     Scraping files for ts-fold-autoloads.el... 
      INFO     Scraping files for ts-fold-autoloads.el...done
    > Cloning emacs-format-all-the-code (for format-all)...
    > Building format-all...
      INFO     Scraping files for format-all-autoloads.el... 
      INFO     Scraping files for format-all-autoloads.el...done
    > Cloning evil-multiedit...
    - Checked out evil-multiedit: 23b53bc8743fb82a8854ba907b1d277374c93a79
    > Building evil-multiedit...
    > Building evil-multiedit > Cloning iedit...
    > Building evil-multiedit > Building iedit...
      INFO     Scraping files for iedit-autoloads.el... 
      INFO     Scraping files for iedit-autoloads.el...done
    > Building evil-multiedit...
      INFO     Scraping files for evil-multiedit-autoloads.el... 
      INFO     Scraping files for evil-multiedit-autoloads.el...done
    > Cloning evil-mc...
    - Checked out evil-mc: 63fd2fe0c213a4cc31c464d246f92931c4cb720f
    > Building evil-mc...
      INFO     Scraping files for evil-mc-autoloads.el... 
      INFO     Scraping files for evil-mc-autoloads.el...done
    > Cloning adaptive-wrap...
    - Checked out adaptive-wrap: 0d5b4a07de76d87dd64333a566a8a0a845f2b9f0
    > Building adaptive-wrap...
      INFO     Scraping files for adaptive-wrap-autoloads.el... 
      INFO     Scraping files for adaptive-wrap-autoloads.el...done
    > Cloning Emacs-langtool (for langtool)...
    > Building langtool...
      INFO     Scraping files for langtool-autoloads.el... 
      INFO     Scraping files for langtool-autoloads.el...done
    > Cloning writegood-mode...
    - Checked out writegood-mode: ed42d918d98826ad88928b7af9f2597502afc6b0
    > Building writegood-mode...
      INFO     Scraping files for writegood-mode-autoloads.el... 
      INFO     Scraping files for writegood-mode-autoloads.el...done
    > Cloning realgud...
    - Checked out realgud: aff03aeef1e40d2abb244240bab9787f4b3e6035
    > Building realgud...
    > Building realgud > Cloning emacs-load-relative...
    > Building realgud > Building load-relative...
      INFO     Scraping files for load-relative-autoloads.el... 
      INFO     Scraping files for load-relative-autoloads.el...done
    > Building realgud > Cloning emacs-loc-changes...
    > Building realgud > Building loc-changes...
      INFO     Scraping files for loc-changes-autoloads.el... 
      INFO     Scraping files for loc-changes-autoloads.el...done
    > Building realgud > Cloning emacs-test-simple...
    > Building realgud > Building test-simple...
      INFO     Scraping files for test-simple-autoloads.el... 
      INFO     Scraping files for test-simple-autoloads.el...done
    > Building realgud...
      INFO     Scraping files for realgud-autoloads.el... 
      INFO     Scraping files for realgud-autoloads.el...done
    > Cloning realgud-trepan-ni...
    - Checked out realgud-trepan-ni: 0ec088ea343835e24ae73da09bea96bfb02a3130
    > Building realgud-trepan-ni...
      INFO     Scraping files for realgud-trepan-ni-autoloads.el... 
      INFO     Scraping files for realgud-trepan-ni-autoloads.el...done
    > Cloning docker.el...
    > Building docker...
    > Building docker > Cloning emacs-aio...
    > Building docker > Building aio...
      INFO     Scraping files for aio-autoloads.el... 
      INFO     Scraping files for aio-autoloads.el...done
    > Building docker > Cloning tablist...
    > Building docker > Building tablist...
      INFO     Scraping files for tablist-autoloads.el... 
      INFO     Scraping files for tablist-autoloads.el...done
    > Building docker...
      INFO     Scraping files for docker-autoloads.el... 
      INFO     Scraping files for docker-autoloads.el...done
    > Cloning docker-tramp.el...
    > Building docker-tramp...
      INFO     Scraping files for docker-tramp-autoloads.el... 
      INFO     Scraping files for docker-tramp-autoloads.el...done
    > Cloning dockerfile-mode...
    - Checked out dockerfile-mode: 52c6c00da1d31c0b6c29c74335b3af63ed6bf06c
    > Building dockerfile-mode...
      INFO     Scraping files for dockerfile-mode-autoloads.el... 
      INFO     Scraping files for dockerfile-mode-autoloads.el...done
    > Cloning editorconfig-emacs (for editorconfig)...
    > Building editorconfig...
      INFO     Scraping files for editorconfig-autoloads.el... 
      INFO     Scraping files for editorconfig-autoloads.el...done
    > Cloning gist.el...
    > Building gist...
    > Building gist > Cloning gh.el...
    > Building gist > Building gh...
    > Building gist > Building gh > Cloning logito...
    > Building gist > Building gh > Building logito...
      INFO     Scraping files for logito-autoloads.el... 
      INFO     Scraping files for logito-autoloads.el...done
    > Building gist > Building gh > Cloning marshal.el...
    > Building gist > Building gh > Building marshal...
      INFO     Scraping files for marshal-autoloads.el... 
      INFO     Scraping files for marshal-autoloads.el...done
    > Building gist > Building gh...
      INFO     Scraping files for gh-autoloads.el... 
      INFO     Scraping files for gh-autoloads.el...done
    > Building gist...
      INFO     Scraping files for gist-autoloads.el... 
      INFO     Scraping files for gist-autoloads.el...done
    > Cloning pass...
    - Checked out pass: 5651da53137db9adcb125b4897c2fe27eeb4368d
    > Building pass...
    > Building pass > Cloning password-store...
    - Checked out password-store: 26d2dae04bb76a87be6960861c10432820cd5d55
    > Building pass > Building password-store...
      INFO     Scraping files for password-store-autoloads.el... 
      INFO     Scraping files for password-store-autoloads.el...done
    > Building pass > Cloning password-store-otp.el...
    > Building pass > Building password-store-otp...
      INFO     Scraping files for password-store-otp-autoloads.el... 
      INFO     Scraping files for password-store-otp-autoloads.el...done
    > Building pass...
      INFO     Scraping files for pass-autoloads.el... 
      INFO     Scraping files for pass-autoloads.el...done
    > Cloning pdf-tools...
    - Checked out pdf-tools: bc2ba117e8c3196ff9adf0da4fa1e63a8da3d7c8
    > Building pdf-tools...
      INFO     Scraping files for pdf-tools-autoloads.el... 
      INFO     Scraping files for pdf-tools-autoloads.el...done
    > Cloning saveplace-pdf-view...
    - Checked out saveplace-pdf-view: 54ed966b842501c3c092dbf57b372e37b033c578
    > Building saveplace-pdf-view...
      INFO     Scraping files for saveplace-pdf-view-autoloads.el... 
      INFO     Scraping files for saveplace-pdf-view-autoloads.el...done
    > Cloning rainbow-mode...
    - Checked out rainbow-mode: 8e96388fb4d616a9dde23e712bad0d9cd048fbf0
    > Building rainbow-mode...
      INFO     Scraping files for rainbow-mode-autoloads.el... 
      INFO     Scraping files for rainbow-mode-autoloads.el...done
    > Cloning kurecolor...
    - Checked out kurecolor: ac67ceba85839ab1ced96fad605bf023b697263f
    > Building kurecolor...
      INFO     Scraping files for kurecolor-autoloads.el... 
      INFO     Scraping files for kurecolor-autoloads.el...done
    > Cloning tree-sitter-langs...
    - Checked out tree-sitter-langs: d8f8ac4faeb4564fbb61e94a631b4672523d84a9
    > Building tree-sitter-langs...
      INFO     Scraping files for tree-sitter-langs-autoloads.el... 
      INFO     Scraping files for tree-sitter-langs-autoloads.el...done
    > Cloning tree-sitter-indent.el...
    > Building tree-sitter-indent...
      INFO     Scraping files for tree-sitter-indent-autoloads.el... 
    tree-sitter-indent: Warning: Use keywords rather than deprecated positional arguments to `define-minor-mode'
      INFO     Scraping files for tree-sitter-indent-autoloads.el...done
    > Cloning evil-textobj-tree-sitter...
    - Checked out evil-textobj-tree-sitter: 02f8253034042d8f171bc0ef93e3538b71a29153
    > Building evil-textobj-tree-sitter...
      INFO     Scraping files for evil-textobj-tree-sitter-autoloads.el... 
      INFO     Scraping files for evil-textobj-tree-sitter-autoloads.el...done
    > Cloning emacs-ssh-deploy...
    > Building ssh-deploy...
      INFO     Scraping files for ssh-deploy-autoloads.el... 
      INFO     Scraping files for ssh-deploy-autoloads.el...done
    > Cloning xclip...
    - Checked out xclip: a1ac607f75a250dddf49866918bb493884451130
    > Building xclip...
      INFO     Scraping files for xclip-autoloads.el... 
      INFO     Scraping files for xclip-autoloads.el...done
    > Cloning evil-terminal-cursor-changer...
    - Checked out evil-terminal-cursor-changer: 12ea9c0438c67e560b3866dc78b5c7d1d93f8cc5
    > Building evil-terminal-cursor-changer...
      INFO     Scraping files for evil-terminal-cursor-changer-autoloads.el... 
      INFO     Scraping files for evil-terminal-cursor-changer-autoloads.el...done
    > Cloning csv-mode...
    - Checked out csv-mode: d190a479b4f36806b604da527e5d5a50909d3ceb
    > Building csv-mode...
      INFO     Scraping files for csv-mode-autoloads.el... 
      INFO     Scraping files for csv-mode-autoloads.el...done
    > Cloning rjsx-mode...
    - Checked out rjsx-mode: b697fe4d92cc84fa99a7bcb476f815935ea0d919
    > Building rjsx-mode...
    > Building rjsx-mode > Cloning js2-mode...
    > Building rjsx-mode > Building js2-mode...
      INFO     Scraping files for js2-mode-autoloads.el... 
      INFO     Scraping files for js2-mode-autoloads.el...done
    > Building rjsx-mode...
      INFO     Scraping files for rjsx-mode-autoloads.el... 
      INFO     Scraping files for rjsx-mode-autoloads.el...done
    > Cloning typescript.el (for typescript-mode)...
    > Building typescript-mode...
      INFO     Scraping files for typescript-mode-autoloads.el... 
      INFO     Scraping files for typescript-mode-autoloads.el...done
    > Cloning js2-refactor.el...
    > Building js2-refactor...
    > Building js2-refactor > Cloning multiple-cursors.el...
    > Building js2-refactor > Building multiple-cursors...
      INFO     Scraping files for multiple-cursors-autoloads.el... 
      INFO     Scraping files for multiple-cursors-autoloads.el...done
    > Building js2-refactor...
      INFO     Scraping files for js2-refactor-autoloads.el... 
      INFO     Scraping files for js2-refactor-autoloads.el...done
    > Cloning npm-mode...
    - Checked out npm-mode: 3ee7c0bad5b7a041d4739ef3aaa06a3dc764e5eb
    > Building npm-mode...
      INFO     Scraping files for npm-mode-autoloads.el... 
    npm-mode: Warning: Use keywords rather than deprecated positional arguments to `define-minor-mode'
      INFO     Scraping files for npm-mode-autoloads.el...done
    > Cloning nodejs-repl.el...
    > Building nodejs-repl...
      INFO     Scraping files for nodejs-repl-autoloads.el... 
      INFO     Scraping files for nodejs-repl-autoloads.el...done
    > Cloning skewer-mode...
    - Checked out skewer-mode: e5bed351939c92a1f788f78398583c2f83f1bb3c
    > Building skewer-mode...
    > Building skewer-mode > Cloning emacs-web-server (for simple-httpd)...
    > Building skewer-mode > Building simple-httpd...
      INFO     Scraping files for simple-httpd-autoloads.el... 
      INFO     Scraping files for simple-httpd-autoloads.el...done
    > Building skewer-mode...
      INFO     Scraping files for skewer-mode-autoloads.el... 
      INFO     Scraping files for skewer-mode-autoloads.el...done
    > Cloning tide...
    - Checked out tide: 29475d9eee26f4101322209e9b6b199df5386094
    > Building tide...
      INFO     Scraping files for tide-autoloads.el... 
      INFO     Scraping files for tide-autoloads.el...done
    > Cloning xref-js2...
    - Checked out xref-js2: fd6b723e7f1f9793d189a815e1904364dc026b03
    > Building xref-js2...
      INFO     Scraping files for xref-js2-autoloads.el... 
      INFO     Scraping files for xref-js2-autoloads.el...done
    > Cloning auctex...
    - Checked out auctex: 3929d5408b1e0d68cadeef7536a26ce29b1d36ea
    > Building auctex...
      INFO     Scraping files for auctex-autoloads.el... 
      INFO     Scraping files for auctex-autoloads.el...done
    > Cloning latex-preview-pane...
    - Checked out latex-preview-pane: 5297668a89996b50b2b62f99cba01cc544dbed2e
    > Building latex-preview-pane...
      INFO     Scraping files for latex-preview-pane-autoloads.el... 
      INFO     Scraping files for latex-preview-pane-autoloads.el...done
    > Cloning evil-tex...
    - Checked out evil-tex: 3e0a26b91a1a56b0f35cbd450d01431057551750
    > Building evil-tex...
      INFO     Scraping files for evil-tex-autoloads.el... 
      INFO     Scraping files for evil-tex-autoloads.el...done
    > Cloning company-auctex...
    - Checked out company-auctex: 9400a2ec7459dde8cbf1a5d50dfee4e300ed7e18
    > Building company-auctex...
      INFO     Scraping files for company-auctex-autoloads.el... 
      INFO     Scraping files for company-auctex-autoloads.el...done
    > Cloning company-reftex...
    - Checked out company-reftex: 42eb98c6504e65989635d95ab81b65b9d5798e76
    > Building company-reftex...
      INFO     Scraping files for company-reftex-autoloads.el... 
      INFO     Scraping files for company-reftex-autoloads.el...done
    > Cloning company-math...
    - Checked out company-math: 3eb006874e309ff4076d947fcbd61bb6806aa508
    > Building company-math...
    > Building company-math > Cloning math-symbol-lists...
    > Building company-math > Building math-symbol-lists...
      INFO     Scraping files for math-symbol-lists-autoloads.el... 
      INFO     Scraping files for math-symbol-lists-autoloads.el...done
    > Building company-math...
      INFO     Scraping files for company-math-autoloads.el... 
      INFO     Scraping files for company-math-autoloads.el...done
    > Cloning lua-mode...
    - Checked out lua-mode: ad639c62e38a110d8d822c4f914af3e20b40ccc4
    > Building lua-mode...
      INFO     Scraping files for lua-mode-autoloads.el... 
      INFO     Scraping files for lua-mode-autoloads.el...done
    > Cloning company-lua...
    - Checked out company-lua: 29f6819de4d691e5fd0b62893a9f4fbc1c6fcb52
    > Building company-lua...
      INFO     Scraping files for company-lua-autoloads.el... 
      INFO     Scraping files for company-lua-autoloads.el...done
    > Cloning nix-mode...
    - Checked out nix-mode: c18a24e9ac569a221e88ba9d74d52c7b02b6eb77
    > Building nix-mode...
      INFO     Scraping files for nix-mode-autoloads.el... 
      INFO     Scraping files for nix-mode-autoloads.el...done
    > Cloning nix-update-el (for nix-update)...
    > Building nix-update...
      INFO     Scraping files for nix-update-autoloads.el... 
      INFO     Scraping files for nix-update-autoloads.el...done
    > Cloning nix-emacs (for company-nixos-options)...
    > Building company-nixos-options...
    > Building company-nixos-options > Building nixos-options...
      INFO     Scraping files for nixos-options-autoloads.el... 
      INFO     Scraping files for nixos-options-autoloads.el...done
    > Building company-nixos-options...
      INFO     Scraping files for company-nixos-options-autoloads.el... 
      INFO     Scraping files for company-nixos-options-autoloads.el...done
    > Cloning org-pdftools...
    - Checked out org-pdftools: 967f48fb5038bba32915ee9da8dc4e8b10ba3376
    > Building org-pdftools...
    > Building org-pdftools > Cloning org-noter...
    > Building org-pdftools > Building org-noter...
      INFO     Scraping files for org-noter-autoloads.el... 
      INFO     Scraping files for org-noter-autoloads.el...done
    > Building org-pdftools...
      INFO     Scraping files for org-pdftools-autoloads.el... 
      INFO     Scraping files for org-pdftools-autoloads.el...done
    > Cloning ob-php...
    - Checked out ob-php: 6ebf7799e9ded1d5114094f46785960a50000614
    > Building ob-php...
      INFO     Scraping files for ob-php-autoloads.el... 
      INFO     Scraping files for ob-php-autoloads.el...done
    > Cloning ob-restclient.el...
    > Building ob-restclient...
    > Building ob-restclient > Cloning restclient.el...
    > Building ob-restclient > Building restclient...
      INFO     Scraping files for restclient-autoloads.el... 
      INFO     Scraping files for restclient-autoloads.el...done
    > Building ob-restclient...
      INFO     Scraping files for ob-restclient-autoloads.el... 
      INFO     Scraping files for ob-restclient-autoloads.el...done
    > Cloning psysh.el...
    > Building psysh...
    > Building psysh > Cloning php-runtime.el...
    > Building psysh > Building php-runtime...
      INFO     Scraping files for php-runtime-autoloads.el... 
      INFO     Scraping files for php-runtime-autoloads.el...done
    > Building psysh...
      INFO     Scraping files for psysh-autoloads.el... 
      INFO     Scraping files for psysh-autoloads.el...done
    > Cloning php-extras...
    - Checked out php-extras: d410c5af663c30c01d461ac476d1cbfbacb49367
    > Building php-extras...
    > Building php-extras > Cloning php-mode...
    - Checked out php-mode: fb11df8268b7099766264cd53836ef159746adbd
    > Building php-extras > Building php-mode...
      INFO     Scraping files for php-mode-autoloads.el... 
      INFO     Scraping files for php-mode-autoloads.el...done
    > Building php-extras...
      INFO     Scraping files for php-extras-autoloads.el... 
      INFO     Scraping files for php-extras-autoloads.el...done
    > Cloning php-refactor-mode.el...
    > Building php-refactor-mode...
      INFO     Scraping files for php-refactor-mode-autoloads.el... 
    php-refactor-mode: Warning: Use keywords rather than deprecated positional arguments to `define-minor-mode'
      INFO     Scraping files for php-refactor-mode-autoloads.el...done
    > Cloning phpunit.el...
    > Building phpunit...
      INFO     Scraping files for phpunit-autoloads.el... 
      INFO     Scraping files for phpunit-autoloads.el...done
    > Cloning composer.el...
    > Building composer...
      INFO     Scraping files for composer-autoloads.el... 
      INFO     Scraping files for composer-autoloads.el...done
    > Cloning phpactor.el...
    > Building phpactor...
      INFO     Scraping files for phpactor-autoloads.el... 
      INFO     Scraping files for phpactor-autoloads.el...done
    > Building company-phpactor...
      INFO     Scraping files for company-phpactor-autoloads.el... 
      INFO     Scraping files for company-phpactor-autoloads.el...done
    > Cloning php-cs-fixer...
    - Checked out php-cs-fixer: efe4368d891f1eec6311363cfd6be3e9eadb5e0a
    > Building php-cs-fixer...
      INFO     Scraping files for php-cs-fixer-autoloads.el... 
      INFO     Scraping files for php-cs-fixer-autoloads.el...done
    > Cloning pip-requirements.el...
    > Building pip-requirements...
      INFO     Scraping files for pip-requirements-autoloads.el... 
      INFO     Scraping files for pip-requirements-autoloads.el...done
    > Cloning anaconda-mode...
    - Checked out anaconda-mode: ca8edbaa7662d97e4a4416ec9a8d743863303911
    > Building anaconda-mode...
    > Building anaconda-mode > Cloning pythonic...
    > Building anaconda-mode > Building pythonic...
      INFO     Scraping files for pythonic-autoloads.el... 
      INFO     Scraping files for pythonic-autoloads.el...done
    > Building anaconda-mode...
      INFO     Scraping files for anaconda-mode-autoloads.el... 
      INFO     Scraping files for anaconda-mode-autoloads.el...done
    > Cloning company-anaconda...
    - Checked out company-anaconda: da1566db41a68809ef7f91ebf2de28118067c89b
    > Building company-anaconda...
      INFO     Scraping files for company-anaconda-autoloads.el... 
      INFO     Scraping files for company-anaconda-autoloads.el...done
    > Cloning pipenv.el...
    > Building pipenv...
    > Building pipenv > Cloning pyvenv...
    - Checked out pyvenv: 31ea715f2164dd611e7fc77b26390ef3ca93509b
    > Building pipenv > Building pyvenv...
      INFO     Scraping files for pyvenv-autoloads.el... 
      INFO     Scraping files for pyvenv-autoloads.el...done
    > Building pipenv > Cloning emacs-load-env-vars...
    > Building pipenv > Building load-env-vars...
      INFO     Scraping files for load-env-vars-autoloads.el... 
      INFO     Scraping files for load-env-vars-autoloads.el...done
    > Building pipenv...
      INFO     Scraping files for pipenv-autoloads.el... 
      INFO     Scraping files for pipenv-autoloads.el...done
    > Cloning nose...
    - Checked out nose: f8528297519eba911696c4e68fa88892de9a7b72
    > Building nose...
      INFO     Scraping files for nose-autoloads.el... 
      INFO     Scraping files for nose-autoloads.el...done
    > Cloning emacs-python-pytest...
    > Building python-pytest...
      INFO     Scraping files for python-pytest-autoloads.el... 
      INFO     Scraping files for python-pytest-autoloads.el...done
    > Cloning pyimport...
    - Checked out pyimport: c006a5fd0e5c9e297aa2ad71b2f02f463286b5e3
    > Building pyimport...
    > Building pyimport > Cloning shut-up...
    > Building pyimport > Building shut-up...
      INFO     Scraping files for shut-up-autoloads.el... 
      INFO     Scraping files for shut-up-autoloads.el...done
    > Building pyimport...
      INFO     Scraping files for pyimport-autoloads.el... 
      INFO     Scraping files for pyimport-autoloads.el...done
    > Cloning py-isort.el...
    > Building py-isort...
      INFO     Scraping files for py-isort-autoloads.el... 
      INFO     Scraping files for py-isort-autoloads.el...done
    > Cloning company-restclient...
    - Checked out company-restclient: e5a3ec54edb44776738c13e13e34c85b3085277b
    > Building company-restclient...
    > Building company-restclient > Cloning know-your-http-well...
    > Building company-restclient > Building know-your-http-well...
      INFO     Scraping files for know-your-http-well-autoloads.el... 
      INFO     Scraping files for know-your-http-well-autoloads.el...done
    > Building company-restclient...
      INFO     Scraping files for company-restclient-autoloads.el... 
      INFO     Scraping files for company-restclient-autoloads.el...done
    > Cloning scheme-mode (for scheme)...
    > Building scheme...
      INFO     Scraping files for scheme-autoloads.el... 
      INFO     Scraping files for scheme-autoloads.el...done
    > Cloning geiser...
    - Checked out geiser: e54d5e6dc659c252d10c4280f4c4d78d38623df5
    > Building geiser...
      INFO     Scraping files for geiser-autoloads.el... 
      INFO     Scraping files for geiser-autoloads.el...done
    > Cloning macrostep-geiser...
    - Checked out macrostep-geiser: f6a2d5bb96ade4f23df557649af87ebd0cc45125
    > Building macrostep-geiser...
      INFO     Scraping files for macrostep-geiser-autoloads.el... 
      INFO     Scraping files for macrostep-geiser-autoloads.el...done
    > Cloning guile (for geiser-guile)...
    > Building geiser-guile...
      INFO     Scraping files for geiser-guile-autoloads.el... 
      INFO     Scraping files for geiser-guile-autoloads.el...done
    > Cloning flycheck-guile...
    - Checked out flycheck-guile: e23a4d7813179124fd98abf1c2f4190a72569bee
    > Building flycheck-guile...
      INFO     Scraping files for flycheck-guile-autoloads.el... 
      INFO     Scraping files for flycheck-guile-autoloads.el...done
    > Cloning org-msg...
    - Checked out org-msg: 7b1dfb96d558f6e5626e96d4f4a5150d55cb7eb2
    > Building org-msg...
      INFO     Scraping files for org-msg-autoloads.el... 
      INFO     Scraping files for org-msg-autoloads.el...done
    > Cloning mu4e-alert...
    - Checked out mu4e-alert: 3c9af8c7994df0a1a4f0703552ea3beffb485ace
    > Building mu4e-alert...
    > Building mu4e-alert > Cloning alert...
    > Building mu4e-alert > Building alert...
    > Building mu4e-alert > Building alert > Cloning gntp.el...
    > Building mu4e-alert > Building alert > Building gntp...
      INFO     Scraping files for gntp-autoloads.el... 
      INFO     Scraping files for gntp-autoloads.el...done
    > Building mu4e-alert > Building alert > Cloning log4e...
    > Building mu4e-alert > Building alert > Building log4e...
      INFO     Scraping files for log4e-autoloads.el... 
      INFO     Scraping files for log4e-autoloads.el...done
    > Building mu4e-alert > Building alert...
      INFO     Scraping files for alert-autoloads.el... 
      INFO     Scraping files for alert-autoloads.el...done
    > Building mu4e-alert...
      INFO     Scraping files for mu4e-alert-autoloads.el... 
      INFO     Scraping files for mu4e-alert-autoloads.el...done
    > Cloning emacs-calfw...
    > Building calfw...
      INFO     Scraping files for calfw-autoloads.el... 
      INFO     Scraping files for calfw-autoloads.el...done
    > Building calfw-org...
      INFO     Scraping files for calfw-org-autoloads.el... 
      INFO     Scraping files for calfw-org-autoloads.el...done
    > Building calfw-cal...
      INFO     Scraping files for calfw-cal-autoloads.el... 
      INFO     Scraping files for calfw-cal-autoloads.el...done
    > Building calfw-ical...
      INFO     Scraping files for calfw-ical-autoloads.el... 
      INFO     Scraping files for calfw-ical-autoloads.el...done
    > Cloning org-gcal.el...
    > Building org-gcal...
    > Building org-gcal > Cloning elnode...
    > Building org-gcal > Building elnode...
    > Building org-gcal > Building elnode > Cloning emacs-web...
    > Building org-gcal > Building elnode > Building web...
      INFO     Scraping files for web-autoloads.el... 
      INFO     Scraping files for web-autoloads.el...done
    > Building org-gcal > Building elnode > Cloning emacs-noflet...
    > Building org-gcal > Building elnode > Building noflet...
      INFO     Scraping files for noflet-autoloads.el... 
      INFO     Scraping files for noflet-autoloads.el...done
    > Building org-gcal > Building elnode > Cloning elwikicreole (for creole)...
    > Building org-gcal > Building elnode > Building creole...
    > Building org-gcal > Building elnode > Building creole > Cloning emacs-kv...
    > Building org-gcal > Building elnode > Building creole > Building kv...
      INFO     Scraping files for kv-autoloads.el... 
      INFO     Scraping files for kv-autoloads.el...done
    > Building org-gcal > Building elnode > Building creole...
      INFO     Scraping files for creole-autoloads.el... 
      INFO     Scraping files for creole-autoloads.el...done
    > Building org-gcal > Building elnode > Cloning emacs-fakir...
    > Building org-gcal > Building elnode > Building fakir...
      INFO     Scraping files for fakir-autoloads.el... 
      INFO     Scraping files for fakir-autoloads.el...done
    > Building org-gcal > Building elnode > Cloning emacs-db...
    > Building org-gcal > Building elnode > Building db...
      INFO     Scraping files for db-autoloads.el... 
      INFO     Scraping files for db-autoloads.el...done
    > Building org-gcal > Building elnode...
      INFO     Scraping files for elnode-autoloads.el... 
      INFO     Scraping files for elnode-autoloads.el...done
    > Building org-gcal > Cloning persist...
    > Building org-gcal > Building persist...
      INFO     Scraping files for persist-autoloads.el... 
      INFO     Scraping files for persist-autoloads.el...done
    > Building org-gcal > Building request-deferred...
    > Building org-gcal > Building request-deferred > Cloning emacs-deferred...
    > Building org-gcal > Building request-deferred > Building deferred...
      INFO     Scraping files for deferred-autoloads.el... 
      INFO     Scraping files for deferred-autoloads.el...done
    > Building org-gcal > Building request-deferred...
      INFO     Scraping files for request-deferred-autoloads.el... 
      INFO     Scraping files for request-deferred-autoloads.el...done
    > Building org-gcal...
      INFO     Scraping files for org-gcal-autoloads.el... 
      INFO     Scraping files for org-gcal-autoloads.el...done
    ✓ Installed 142 packages
  > (Re)building packages...
    - No packages need rebuilding
  > Purging orphaned packages (for the emperor)...
    - Skipping builds
    - Skipping elpa packages
    - Skipping repos
    - Skipping regrafting
  > (Re)building profile in /home/vermium/.config/emacs/.local/etc/@/...
    > Deleting old init files...
    > Generating 4 init files...
    > Byte-compiling ~/.config/emacs/.local/etc/@init.28.el...
    ✓ Built init.28.elc
  - Restart Emacs or use 'M-x doom/reload' for changes to take effect
* 386.191653:*:cli:Finished (GCs: 1, elapsed: 0.532734s)
* 386.191653:*:cli:Finished (GCs: 1, elapsed: 0.532734s)
✓ Finished in 6m 26s
