* 0.103992:*:cli:run!: doom sync
* 0.104074:*:cli:context-parse: found command (doom)
* 0.104308:*:cli:load: autoload /home/vermium/.config/emacs/lisp/cli/sync.el
* 0.104339:*:cli:load: ~/.config/emacs/lisp/cli/sync.el nil
* 0.104505:*:cli:load: ~/.config/emacs/lisp/cli/packages nil
* 0.131726:*:cli:context-parse: found command (doom sync)
* 0.131989:*:cli:context-execute: doom sync
* 0.132338:*:cli:execute: (:before) ((input) (context . #s(doom-cli-context (25682 33907 311316 93000) 1062987 0 (132 . 58) nil nil doom nil nil (doom sync) nil (sync) ((--jobs) (-j) (-p) (-u) (-c) (-e) (--eval) (-E) (--strict-load) (--load) (-L) (--color) (--benchmark) (--profile) (--pager) (--emacsdir) (--doomdir) (--verbose) (-v) (--debug) (-D) (--force) (-!)) ((t) ((doom sync)) ((doom) sync))  *doom-cli stdin*  *doom-cli stdout*  *doom-cli stderr* nil)) (_) (evals) (loads) (color?) (bench?) (profile) (pager) (emacsdir) (doomdir) (verbose?) (debug?) (force?))
* 0.132410:*:cli:execute: (:before doom build) nil
* 0.132441:*:cli:Initializing straight
* 0.132472::context: +packages (cli t)
* 0.132500::context:module: =[0 -110 -110 :core nil nil nil]
* 0.191720:*:cli:Initializing recipes
* 0.204683:*:cli:Installing core packages
* 0.204729:*:cli:execute: (doom sync) ((jobs) (purge?) (update?) (noelc?) (noenvvar?))
* 0.204843:*:cli:call: (doom sync) -> (doom profiles sync --reload)
* 0.204915:*:cli:context-parse: found command (doom)
* 0.205086:*:cli:load: autoload /home/vermium/.config/emacs/lisp/cli/profiles.el
* 0.205126:*:cli:load: ~/.config/emacs/lisp/cli/profiles.el nil
* 0.210146:*:cli:context-parse: found command (doom profiles)
* 0.210365:*:cli:context-parse: found command (doom profiles sync)
* 0.210550:*:cli:context-parse: found switch "--reload"
* 0.210786:*:cli:context-execute: doom profiles sync
* 0.211110:*:cli:execute: (:before) ((input) (context . #s(doom-cli-context (25682 33907 311316 93000) 1062987 0 (132 . 58) nil nil doom nil nil (doom profiles sync) nil (sync) ((--reload . --reload) (--jobs) (-j) (-p) (-u) (-c) (-e) (--eval) (-E) (--strict-load) (--load) (-L) (--color) (--benchmark) (--profile) (--pager) (--emacsdir) (--doomdir) (--verbose) (-v) (--debug) (-D) (--force) (-!)) ((t) ((doom profiles sync) --reload) ((doom profiles) sync --reload) ((doom) profiles sync --reload))  *doom-cli stdin*  *doom-cli stdout*  *doom-cli stderr* nil)) (_) (evals) (loads) (color?) (bench?) (profile) (pager) (emacsdir) (doomdir) (verbose?) (debug?) (force?))
* 0.211165:*:cli:execute: (doom profiles sync) ((reload? . --reload))
  * 0.211871:*:cli:Profiles are up-to-date!
> Synchronizing "default" profile...
  * 0.212352:*:cli:call: (doom profiles sync) -> (doom env)
  * 0.212416:*:cli:context-parse: found command (doom)
  * 0.212570:*:cli:load: autoload /home/vermium/.config/emacs/lisp/cli/env.el
  * 0.212599:*:cli:load: ~/.config/emacs/lisp/cli/env.el nil
  * 0.214818:*:cli:context-parse: found command (doom env)
  * 0.215062:*:cli:context-execute: doom env
  * 0.215297:*:cli:execute: (:before) ((input) (context . #s(doom-cli-context (25682 33907 311316 93000) 1062987 0 (132 . 58) nil nil doom nil nil (doom env) nil (sync) ((--deny) (-d) (--allow) (-a) (-o) (--deny-all) (--allow-all) (--reload . --reload) (--jobs) (-j) (-p) (-u) (-c) (-e) (--eval) (-E) (--strict-load) (--load) (-L) (--color) (--benchmark) (--profile) (--pager) (--emacsdir) (--doomdir) (--verbose) (-v) (--debug) (-D) (--force) (-!)) ((t) ((doom env)) ((doom) env))  *doom-cli stdin*  *doom-cli stdout*  *doom-cli stderr* nil)) (_) (evals) (loads) (color?) (bench?) (profile) (pager) (emacsdir) (doomdir) (verbose?) (debug?) (force?))
  * 0.215343:*:cli:execute: (doom env) ((rules) (output-file) (deny-only) (allow-only))
  > Regenerating envvars file
    * 0.215791:*:cli:cli:env: deny OLDPWD
    * 0.215884:*:cli:cli:env: deny DBUS_SESSION_BUS_ADDRESS
    * 0.216014:*:cli:cli:env: deny XDG_RUNTIME_DIR
    * 0.216071:*:cli:cli:env: deny XDG_VTNR
    * 0.216122:*:cli:cli:env: deny SHLVL
    * 0.216160:*:cli:cli:env: deny DISPLAY
    * 0.216198:*:cli:cli:env: deny USER
    * 0.216243:*:cli:cli:env: deny __DOOMPID
    * 0.216305:*:cli:cli:env: deny TERM
    * 0.216390:*:cli:cli:env: deny XDG_SESSION_CLASS
    * 0.216454:*:cli:cli:env: deny XDG_SEAT_PATH
    * 0.216605:*:cli:cli:env: deny __DOOMGPIPE
    * 0.216657:*:cli:cli:env: deny HOME
    * 0.216733:*:cli:cli:env: deny XAUTHORITY
    * 0.216765:*:cli:cli:env: deny XDG_SESSION_TYPE
    * 0.216864:*:cli:cli:env: deny PWD
    * 0.216920:*:cli:cli:env: deny XDG_SEAT
    * 0.216996:*:cli:cli:env: deny __DOOMSTEP
    * 0.217061:*:cli:cli:env: deny __DOOMGEOM
    * 0.217144:*:cli:cli:env: deny __DOOMPIPE
    ✓ Generated ~/.config/emacs/.local/env
  * 0.218529:*:cli:Initializing package.el
  * 0.247746:*:cli:Initializing straight.el
  * 0.248148::context: +packages (cli t)
  * 0.248192::context:module: =[1 105 -105 :user nil nil nil]
  * 0.248404::context:module: =[2 -111 -111 :config use-package nil nil]
  * 0.248900::context:module: =[0 -110 -110 :core nil nil nil]
  * 0.257014::context:module: =[1 105 -105 :user nil nil nil]
  * 0.257215::context:module: =[3 0 0 :completion company nil nil]
  * 0.258259::context:module: =[4 0 0 :completion vertico nil nil]
  * 0.261976::context:module: =[5 0 0 :ui doom nil nil]
  * 0.262748::context:module: =[6 0 0 :ui doom-dashboard nil nil]
  * 0.262796::context:module: =[7 0 0 :ui emoji (+unicode) nil]
  * 0.263250::context:module: =[8 0 0 :ui hl-todo nil nil]
  * 0.263732::context:module: =[9 0 0 :ui indent-guides nil nil]
  * 0.264246::context:module: =[10 0 0 :ui ligatures nil nil]
  * 0.264299::context:module: =[11 0 0 :ui minimap nil nil]
  * 0.264775::context:module: =[12 0 0 :ui modeline nil nil]
  * 0.265934::context:module: =[13 0 0 :ui neotree nil nil]
  * 0.266434::context:module: =[14 0 0 :ui ophints nil nil]
  * 0.267153::context:module: =[15 0 0 :ui popup (+defaults) nil]
  * 0.267207::context:module: =[16 0 0 :ui tabs nil nil]
  * 0.267687::context:module: =[17 0 0 :ui treemacs nil nil]
  * 0.269712::context:module: =[18 0 0 :ui unicode nil nil]
  * 0.270173::context:module: =[19 0 0 :ui vc-gutter (+pretty) nil]
  * 0.270869::context:module: =[20 0 0 :ui vi-tilde-fringe nil nil]
  * 0.271315::context:module: =[21 0 0 :ui window-select nil nil]
  * 0.272254::context:module: =[22 0 0 :ui workspaces nil nil]
  * 0.272705::context:module: =[23 0 0 :ui zen nil nil]
  * 0.273453::context:module: =[24 0 0 :editor evil (+everywhere) nil]
  * 0.279627::context:module: =[25 0 0 :editor file-templates nil nil]
  * 0.280151::context:module: =[26 0 0 :editor fold nil nil]
  * 0.281705::context:module: =[27 0 0 :editor format (+onsave) nil]
  * 0.282224::context:module: =[28 0 0 :editor multiple-cursors nil nil]
  * 0.283276::context:module: =[29 0 0 :editor snippets nil nil]
  * 0.284601::context:module: =[30 0 0 :editor word-wrap nil nil]
  * 0.285568::context:module: =[31 0 0 :emacs dired nil nil]
  * 0.287837::context:module: =[32 0 0 :emacs electric nil nil]
  * 0.287895::context:module: =[33 0 0 :emacs undo nil nil]
  * 0.289258::context:module: =[34 0 0 :emacs vc nil nil]
  * 0.291694::context:module: =[35 0 0 :checkers syntax nil nil]
  * 0.292803::context:module: =[36 0 0 :checkers grammar nil nil]
  * 0.293672::context:module: =[37 0 0 :tools debugger nil nil]
  * 0.295050::context:module: =[38 0 0 :tools docker nil nil]
  * 0.296229::context:module: =[39 0 0 :tools editorconfig nil nil]
  * 0.296716::context:module: =[40 0 0 :tools eval (+overlay) nil]
  * 0.297482::context:module: =[41 0 0 :tools gist nil nil]
  * 0.297982::context:module: =[42 0 0 :tools lookup nil nil]
  * 0.301619::context:module: =[43 0 0 :tools lsp nil nil]
  * 0.304040::context:module: =[44 0 0 :tools magit nil nil]
  * 0.305715::context:module: =[45 0 0 :tools pass nil nil]
  * 0.307413::context:module: =[46 0 0 :tools pdf nil nil]
  * 0.308214::context:module: =[47 0 0 :tools rgb nil nil]
  * 0.309010::context:module: =[48 0 0 :tools tmux nil nil]
  * 0.309059::context:module: =[49 0 0 :tools tree-sitter nil nil]
  * 0.310457::context:module: =[50 0 0 :tools upload nil nil]
  * 0.310918::context:module: =[51 0 0 :os tty nil nil]
  * 0.311967::context:module: =[52 0 0 :lang data nil nil]
  * 0.312437::context:module: =[53 0 0 :lang emacs-lisp nil nil]
  * 0.315428::context:module: =[54 0 0 :lang javascript nil nil]
  * 0.318261::context:module: =[55 0 0 :lang latex nil nil]
  * 0.321343::context:module: =[56 0 0 :lang lua nil nil]
  * 0.323039::context:module: =[57 0 0 :lang markdown nil nil]
  * 0.324843::context:module: =[58 0 0 :lang nix nil nil]
  * 0.326282::context:module: =[59 0 0 :lang org nil nil]
  * 0.340123::context:module: =[60 0 0 :lang php nil nil]
  * 0.343736::context:module: =[61 0 0 :lang python nil nil]
  * 0.348813::context:module: =[62 0 0 :lang rest nil nil]
  * 0.350316::context:module: =[63 0 0 :lang scheme (+guile) nil]
  * 0.354266::context:module: =[64 0 0 :lang sh nil nil]
  * 0.355330::context:module: =[65 0 0 :email mu4e (+org +gmail) nil]
  * 0.356235::context:module: =[66 0 0 :app calendar nil nil]
  * 0.358048::context:module: =[67 0 0 :config default (+bindings +smartparens) nil]
  * 0.359520::context:module: =[1 105 -105 :user nil nil nil]
  > Installing packages...
    - Checked out project: e086bdc7c515f8bfc22598d473ba888ba7683f0c
    > Building project...
    > Building project > Building xref...
    File mode specification error: (file-missing Cannot open load file No such file or directory pkg-info)
      INFO     Scraping files for xref-autoloads.el... 
      INFO     Scraping files for xref-autoloads.el...done
    > Building project...
    File mode specification error: (file-missing Cannot open load file No such file or directory pkg-info)
      INFO     Scraping files for project-autoloads.el... 
      INFO     Scraping files for project-autoloads.el...done
    - Checked out compat: 7775c3185764337b8a78c3005aab4a11aa80dfe8
    > Building compat...
    File mode specification error: (file-missing Cannot open load file No such file or directory pkg-info)
      INFO     Scraping files for compat-autoloads.el... 
      INFO     Scraping files for compat-autoloads.el...done
    - Checked out minimap: ed7490652a676c0510ed57d5366c445de20a370b
    > Building minimap...
      INFO     Scraping files for minimap-autoloads.el... 
      INFO     Scraping files for minimap-autoloads.el...done
    - Checked out adaptive-wrap: 0d5b4a07de76d87dd64333a566a8a0a845f2b9f0
    > Building adaptive-wrap...
      INFO     Scraping files for adaptive-wrap-autoloads.el... 
      INFO     Scraping files for adaptive-wrap-autoloads.el...done
    - Checked out dired-git-info: 9461476a28a5fec0784260f6e318237c662c3430
    > Building dired-git-info...
      INFO     Scraping files for dired-git-info-autoloads.el... 
      INFO     Scraping files for dired-git-info-autoloads.el...done
    - Checked out vundo: 26c929229ae03b8d942907541f0844988b36d0ce
    > Building vundo...
      INFO     Scraping files for vundo-autoloads.el... 
      INFO     Scraping files for vundo-autoloads.el...done
    > Updating recipe repos...
      > Updating recipes for melpa...
      > Updating recipes for nongnu-elpa...
      > Updating recipes for gnu-elpa-mirror...
      > Updating recipes for el-get...
      > Updating recipes for emacsmirror-mirror...
    > Cloning lsp-mode...
    - Checked out lsp-mode: a655f3600e040f872408da0e9c1b9fe65ca0aad9
    > Building lsp-mode...
    > Building lsp-mode > Cloning spinner...
    > Building lsp-mode > Building spinner...
      INFO     Scraping files for spinner-autoloads.el... 
      INFO     Scraping files for spinner-autoloads.el...done
    > Building lsp-mode > Cloning eldoc...
    > Building lsp-mode > Building eldoc...
      INFO     Scraping files for eldoc-autoloads.el... 
      INFO     Scraping files for eldoc-autoloads.el...done
    > Building lsp-mode...
      INFO     Scraping files for lsp-mode-autoloads.el... 
      INFO     Scraping files for lsp-mode-autoloads.el...done
    > Cloning lsp-ui...
    - Checked out lsp-ui: 295d8984da06a745b0a36c56e28ce915bc389adb
    > Building lsp-ui...
      INFO     Scraping files for lsp-ui-autoloads.el... 
      INFO     Scraping files for lsp-ui-autoloads.el...done
    > Cloning consult-lsp...
    - Checked out consult-lsp: f8db3252c0daa41225ba4ed1c0d178b281cd3e90
    > Building consult-lsp...
      INFO     Scraping files for consult-lsp-autoloads.el... 
      INFO     Scraping files for consult-lsp-autoloads.el...done
    - Checked out rainbow-mode: 8e96388fb4d616a9dde23e712bad0d9cd048fbf0
    > Building rainbow-mode...
      INFO     Scraping files for rainbow-mode-autoloads.el... 
      INFO     Scraping files for rainbow-mode-autoloads.el...done
    - Checked out xclip: a1ac607f75a250dddf49866918bb493884451130
    > Building xclip...
      INFO     Scraping files for xclip-autoloads.el... 
      INFO     Scraping files for xclip-autoloads.el...done
    - Checked out csv-mode: d190a479b4f36806b604da527e5d5a50909d3ceb
    > Building csv-mode...
      INFO     Scraping files for csv-mode-autoloads.el... 
      INFO     Scraping files for csv-mode-autoloads.el...done
    ✓ Installed 15 packages
  > (Re)building packages...
    - No packages need rebuilding
  > Purging orphaned packages (for the emperor)...
    - Skipping builds
    - Skipping elpa packages
    - Skipping repos
    - Skipping regrafting
  > (Re)building profile in /home/vermium/.config/emacs/.local/etc/@/...
    > Deleting old init files...
    > Generating 4 init files...
    > Byte-compiling ~/.config/emacs/.local/etc/@init.28.el...
    ✓ Built init.28.elc
  - Restart Emacs or use 'M-x doom/reload' for changes to take effect
* 38.164028:*:cli:Finished (GCs: 0, elapsed: 0.000000s)
* 38.164028:*:cli:Finished (GCs: 0, elapsed: 0.000000s)
✓ Finished in 38.16415s
