* 0.135368:*:cli:run!: doom sync
* 0.135516:*:cli:context-parse: found command (doom)
* 0.135885:*:cli:load: autoload /home/vermium/.config/emacs/lisp/cli/sync.el
* 0.135963:*:cli:load: ~/.config/emacs/lisp/cli/sync.el nil
* 0.136287:*:cli:load: ~/.config/emacs/lisp/cli/packages nil
* 0.165660:*:cli:context-parse: found command (doom sync)
* 0.165925:*:cli:context-execute: doom sync
* 0.166210:*:cli:execute: (:before) ((input) (context . #s(doom-cli-context (25765 41671 467840 956000) 797773 0 (136 . 62) nil nil doom nil nil (doom sync) nil (sync) ((--jobs) (-j) (-p) (-u) (-c) (-e) (--eval) (-E) (--strict-load) (--load) (-L) (--color) (--benchmark) (--profile) (--pager) (--emacsdir) (--doomdir) (--verbose) (-v) (--debug) (-D) (--force) (-!)) ((t) ((doom sync)) ((doom) sync))  *doom-cli stdin*  *doom-cli stdout*  *doom-cli stderr* nil)) (_) (evals) (loads) (color?) (bench?) (profile) (pager) (emacsdir) (doomdir) (verbose?) (debug?) (force?))
* 0.166256:*:cli:execute: (:before doom build) nil
* 0.166280:*:cli:Initializing straight
* 0.166304::context: +packages (cli t)
* 0.166324::context:module: =[0 -110 -110 :core nil nil nil]
* 0.224933:*:cli:Initializing recipes
* 0.233240:*:cli:Installing core packages
* 0.233311:*:cli:execute: (doom sync) ((jobs) (purge?) (update?) (noelc?) (noenvvar?))
* 0.233449:*:cli:call: (doom sync) -> (doom profiles sync --reload)
* 0.233521:*:cli:context-parse: found command (doom)
* 0.233747:*:cli:load: autoload /home/vermium/.config/emacs/lisp/cli/profiles.el
* 0.233782:*:cli:load: ~/.config/emacs/lisp/cli/profiles.el nil
* 0.240490:*:cli:context-parse: found command (doom profiles)
* 0.240847:*:cli:context-parse: found command (doom profiles sync)
* 0.241112:*:cli:context-parse: found switch "--reload"
* 0.241421:*:cli:context-execute: doom profiles sync
* 0.241715:*:cli:execute: (:before) ((input) (context . #s(doom-cli-context (25765 41671 467840 956000) 797773 0 (136 . 62) nil nil doom nil nil (doom profiles sync) nil (sync) ((--reload . --reload) (--jobs) (-j) (-p) (-u) (-c) (-e) (--eval) (-E) (--strict-load) (--load) (-L) (--color) (--benchmark) (--profile) (--pager) (--emacsdir) (--doomdir) (--verbose) (-v) (--debug) (-D) (--force) (-!)) ((t) ((doom profiles sync) --reload) ((doom profiles) sync --reload) ((doom) profiles sync --reload))  *doom-cli stdin*  *doom-cli stdout*  *doom-cli stderr* nil)) (_) (evals) (loads) (color?) (bench?) (profile) (pager) (emacsdir) (doomdir) (verbose?) (debug?) (force?))
* 0.241821:*:cli:execute: (doom profiles sync) ((reload? . --reload))
  * 0.242940:*:cli:Profiles are up-to-date!
> Synchronizing "default" profile...
  * 0.243626:*:cli:call: (doom profiles sync) -> (doom env)
  * 0.243722:*:cli:context-parse: found command (doom)
  * 0.243978:*:cli:load: autoload /home/vermium/.config/emacs/lisp/cli/env.el
  * 0.244027:*:cli:load: ~/.config/emacs/lisp/cli/env.el nil
  * 0.247068:*:cli:context-parse: found command (doom env)
  * 0.247389:*:cli:context-execute: doom env
  * 0.247669:*:cli:execute: (:before) ((input) (context . #s(doom-cli-context (25765 41671 467840 956000) 797773 0 (136 . 62) nil nil doom nil nil (doom env) nil (sync) ((--deny) (-d) (--allow) (-a) (-o) (--deny-all) (--allow-all) (--reload . --reload) (--jobs) (-j) (-p) (-u) (-c) (-e) (--eval) (-E) (--strict-load) (--load) (-L) (--color) (--benchmark) (--profile) (--pager) (--emacsdir) (--doomdir) (--verbose) (-v) (--debug) (-D) (--force) (-!)) ((t) ((doom env)) ((doom) env))  *doom-cli stdin*  *doom-cli stdout*  *doom-cli stderr* nil)) (_) (evals) (loads) (color?) (bench?) (profile) (pager) (emacsdir) (doomdir) (verbose?) (debug?) (force?))
  * 0.247734:*:cli:execute: (doom env) ((rules) (output-file) (deny-only) (allow-only))
  > Regenerating envvars file
    * 0.248292:*:cli:cli:env: deny OLDPWD
    * 0.248411:*:cli:cli:env: deny DBUS_SESSION_BUS_ADDRESS
    * 0.248586:*:cli:cli:env: deny XDG_RUNTIME_DIR
    * 0.248665:*:cli:cli:env: deny XDG_VTNR
    * 0.248708:*:cli:cli:env: deny SHLVL
    * 0.248738:*:cli:cli:env: deny DISPLAY
    * 0.248761:*:cli:cli:env: deny USER
    * 0.248799:*:cli:cli:env: deny __DOOMPID
    * 0.248866:*:cli:cli:env: deny TERM
    * 0.248932:*:cli:cli:env: deny XDG_SESSION_CLASS
    * 0.248991:*:cli:cli:env: deny XDG_SEAT_PATH
    * 0.249138:*:cli:cli:env: deny __DOOMGPIPE
    * 0.249189:*:cli:cli:env: deny HOME
    * 0.249291:*:cli:cli:env: deny XAUTHORITY
    * 0.249329:*:cli:cli:env: deny XDG_SESSION_TYPE
    * 0.249414:*:cli:cli:env: deny PWD
    * 0.249462:*:cli:cli:env: deny XDG_SEAT
    * 0.249559:*:cli:cli:env: deny __DOOMSTEP
    * 0.249600:*:cli:cli:env: deny __DOOMGEOM
    * 0.249665:*:cli:cli:env: deny __DOOMPIPE
    ✓ Generated ~/.config/emacs/.local/env
  * 0.253031:*:cli:Initializing package.el
  * 0.287827:*:cli:Initializing straight.el
  * 0.288405::context: +packages (cli t)
  * 0.288481::context:module: =[1 105 -105 :user nil nil nil]
  * 0.288899::context:module: =[2 -111 -111 :config use-package nil nil]
  * 0.289757::context:module: =[0 -110 -110 :core nil nil nil]
  * 0.298573::context:module: =[1 105 -105 :user nil nil nil]
  * 0.298785::context:module: =[3 0 0 :completion company nil nil]
  * 0.300468::context:module: =[4 0 0 :completion vertico nil nil]
  * 0.304328::context:module: =[5 0 0 :ui doom nil nil]
  * 0.305439::context:module: =[6 0 0 :ui doom-dashboard nil nil]
  * 0.305591::context:module: =[7 0 0 :ui emoji (+unicode) nil]
  * 0.306506::context:module: =[8 0 0 :ui hl-todo nil nil]
  * 0.307198::context:module: =[9 0 0 :ui indent-guides nil nil]
  * 0.307890::context:module: =[10 0 0 :ui ligatures nil nil]
  * 0.307967::context:module: =[11 0 0 :ui minimap nil nil]
  * 0.308739::context:module: =[12 0 0 :ui modeline nil nil]
  * 0.310666::context:module: =[13 0 0 :ui neotree nil nil]
  * 0.311547::context:module: =[14 0 0 :ui ophints nil nil]
  * 0.312836::context:module: =[15 0 0 :ui popup (+defaults) nil]
  * 0.312957::context:module: =[16 0 0 :ui tabs nil nil]
  * 0.313922::context:module: =[17 0 0 :ui treemacs nil nil]
  * 0.317290::context:module: =[18 0 0 :ui unicode nil nil]
  * 0.318251::context:module: =[19 0 0 :ui vc-gutter (+pretty) nil]
  * 0.319683::context:module: =[20 0 0 :ui vi-tilde-fringe nil nil]
  * 0.320666::context:module: =[21 0 0 :ui window-select nil nil]
  * 0.322280::context:module: =[22 0 0 :ui workspaces nil nil]
  * 0.323108::context:module: =[23 0 0 :ui zen nil nil]
  * 0.324384::context:module: =[24 0 0 :editor evil (+everywhere) nil]
  * 0.333257::context:module: =[25 0 0 :editor file-templates nil nil]
  * 0.334815::context:module: =[26 0 0 :editor fold nil nil]
  * 0.337284::context:module: =[27 0 0 :editor format (+onsave) nil]
  * 0.338194::context:module: =[28 0 0 :editor multiple-cursors nil nil]
  * 0.339899::context:module: =[29 0 0 :editor snippets nil nil]
  * 0.341711::context:module: =[30 0 0 :editor word-wrap nil nil]
  * 0.343059::context:module: =[31 0 0 :emacs dired nil nil]
  * 0.346690::context:module: =[32 0 0 :emacs electric nil nil]
  * 0.346819::context:module: =[33 0 0 :emacs undo nil nil]
  * 0.348395::context:module: =[34 0 0 :emacs vc nil nil]
  * 0.351026::context:module: =[35 0 0 :checkers syntax nil nil]
  * 0.352401::context:module: =[36 0 0 :checkers grammar nil nil]
  * 0.353316::context:module: =[37 0 0 :tools debugger nil nil]
  * 0.354759::context:module: =[38 0 0 :tools docker nil nil]
  * 0.355974::context:module: =[39 0 0 :tools editorconfig nil nil]
  * 0.356491::context:module: =[40 0 0 :tools eval (+overlay) nil]
  * 0.357261::context:module: =[41 0 0 :tools gist nil nil]
  * 0.357719::context:module: =[42 0 0 :tools lookup nil nil]
  * 0.361267::context:module: =[43 0 0 :tools lsp nil nil]
    * 0.367239:*:cli:packages::tools:lsp:Finished (GCs: 0, elapsed: 0.000000s)
  * 0.367239:*:cli:packages::tools:lsp:Finished (GCs: 0, elapsed: 0.000000s)
