* 0.084838:*:cli:run!: doom sync
* 0.084925:*:cli:context-parse: found command (doom)
* 0.085139:*:cli:load: autoload /home/vermium/.config/emacs/lisp/cli/sync.el
* 0.085171:*:cli:load: ~/.config/emacs/lisp/cli/sync.el nil
* 0.085320:*:cli:load: ~/.config/emacs/lisp/cli/packages nil
* 0.107547:*:cli:context-parse: found command (doom sync)
* 0.107805:*:cli:context-execute: doom sync
* 0.108073:*:cli:execute: (:before) ((input) (context . #s(doom-cli-context (25682 34299 911825 70000) 1084184 0 (132 . 58) nil nil doom nil nil (doom sync) nil (sync) ((--jobs) (-j) (-p) (-u) (-c) (-e) (--eval) (-E) (--strict-load) (--load) (-L) (--color) (--benchmark) (--profile) (--pager) (--emacsdir) (--doomdir) (--verbose) (-v) (--debug) (-D) (--force) (-!)) ((t) ((doom sync)) ((doom) sync))  *doom-cli stdin*  *doom-cli stdout*  *doom-cli stderr* nil)) (_) (evals) (loads) (color?) (bench?) (profile) (pager) (emacsdir) (doomdir) (verbose?) (debug?) (force?))
* 0.108121:*:cli:execute: (:before doom build) nil
* 0.108143:*:cli:Initializing straight
* 0.108166::context: +packages (cli t)
* 0.108186::context:module: =[0 -110 -110 :core nil nil nil]
* 0.152614:*:cli:Initializing recipes
* 0.155415:*:cli:Installing core packages
* 0.155452:*:cli:execute: (doom sync) ((jobs) (purge?) (update?) (noelc?) (noenvvar?))
* 0.155559:*:cli:call: (doom sync) -> (doom profiles sync --reload)
* 0.155631:*:cli:context-parse: found command (doom)
* 0.155827:*:cli:load: autoload /home/vermium/.config/emacs/lisp/cli/profiles.el
* 0.155859:*:cli:load: ~/.config/emacs/lisp/cli/profiles.el nil
* 0.160811:*:cli:context-parse: found command (doom profiles)
* 0.161020:*:cli:context-parse: found command (doom profiles sync)
* 0.161207:*:cli:context-parse: found switch "--reload"
* 0.161442:*:cli:context-execute: doom profiles sync
* 0.161699:*:cli:execute: (:before) ((input) (context . #s(doom-cli-context (25682 34299 911825 70000) 1084184 0 (132 . 58) nil nil doom nil nil (doom profiles sync) nil (sync) ((--reload . --reload) (--jobs) (-j) (-p) (-u) (-c) (-e) (--eval) (-E) (--strict-load) (--load) (-L) (--color) (--benchmark) (--profile) (--pager) (--emacsdir) (--doomdir) (--verbose) (-v) (--debug) (-D) (--force) (-!)) ((t) ((doom profiles sync) --reload) ((doom profiles) sync --reload) ((doom) profiles sync --reload))  *doom-cli stdin*  *doom-cli stdout*  *doom-cli stderr* nil)) (_) (evals) (loads) (color?) (bench?) (profile) (pager) (emacsdir) (doomdir) (verbose?) (debug?) (force?))
* 0.161754:*:cli:execute: (doom profiles sync) ((reload? . --reload))
  * 0.162011:*:cli:Profiles are up-to-date!
> Synchronizing "default" profile...
  * 0.162466:*:cli:call: (doom profiles sync) -> (doom env)
  * 0.162522:*:cli:context-parse: found command (doom)
  * 0.162676:*:cli:load: autoload /home/vermium/.config/emacs/lisp/cli/env.el
  * 0.162704:*:cli:load: ~/.config/emacs/lisp/cli/env.el nil
  * 0.164777:*:cli:context-parse: found command (doom env)
  * 0.165034:*:cli:context-execute: doom env
  * 0.165273:*:cli:execute: (:before) ((input) (context . #s(doom-cli-context (25682 34299 911825 70000) 1084184 0 (132 . 58) nil nil doom nil nil (doom env) nil (sync) ((--deny) (-d) (--allow) (-a) (-o) (--deny-all) (--allow-all) (--reload . --reload) (--jobs) (-j) (-p) (-u) (-c) (-e) (--eval) (-E) (--strict-load) (--load) (-L) (--color) (--benchmark) (--profile) (--pager) (--emacsdir) (--doomdir) (--verbose) (-v) (--debug) (-D) (--force) (-!)) ((t) ((doom env)) ((doom) env))  *doom-cli stdin*  *doom-cli stdout*  *doom-cli stderr* nil)) (_) (evals) (loads) (color?) (bench?) (profile) (pager) (emacsdir) (doomdir) (verbose?) (debug?) (force?))
  * 0.165330:*:cli:execute: (doom env) ((rules) (output-file) (deny-only) (allow-only))
  > Regenerating envvars file
    * 0.165829:*:cli:cli:env: deny OLDPWD
    * 0.165944:*:cli:cli:env: deny DBUS_SESSION_BUS_ADDRESS
    * 0.166074:*:cli:cli:env: deny XDG_RUNTIME_DIR
    * 0.166137:*:cli:cli:env: deny XDG_VTNR
    * 0.166178:*:cli:cli:env: deny SHLVL
    * 0.166206:*:cli:cli:env: deny DISPLAY
    * 0.166228:*:cli:cli:env: deny USER
    * 0.166275:*:cli:cli:env: deny __DOOMPID
    * 0.166325:*:cli:cli:env: deny TERM
    * 0.166381:*:cli:cli:env: deny XDG_SESSION_CLASS
    * 0.166450:*:cli:cli:env: deny XDG_SEAT_PATH
    * 0.166604:*:cli:cli:env: deny __DOOMGPIPE
    * 0.166649:*:cli:cli:env: deny HOME
    * 0.166735:*:cli:cli:env: deny XAUTHORITY
    * 0.166765:*:cli:cli:env: deny XDG_SESSION_TYPE
    * 0.166830:*:cli:cli:env: deny PWD
    * 0.166869:*:cli:cli:env: deny XDG_SEAT
    * 0.166927:*:cli:cli:env: deny __DOOMSTEP
    * 0.166981:*:cli:cli:env: deny __DOOMGEOM
    * 0.167056:*:cli:cli:env: deny __DOOMPIPE
    ✓ Generated ~/.config/emacs/.local/env
  * 0.168076:*:cli:Initializing package.el
  * 0.185724:*:cli:Initializing straight.el
  * 0.186088::context: +packages (cli t)
  * 0.186116::context:module: =[1 105 -105 :user nil nil nil]
  * 0.186269::context:module: =[2 -111 -111 :config use-package nil nil]
  * 0.186744::context:module: =[0 -110 -110 :core nil nil nil]
  * 0.194654::context:module: =[1 105 -105 :user nil nil nil]
  * 0.194865::context:module: =[3 0 0 :completion company nil nil]
  * 0.195897::context:module: =[4 0 0 :completion vertico nil nil]
  * 0.199365::context:module: =[5 0 0 :ui doom nil nil]
  * 0.200192::context:module: =[6 0 0 :ui doom-dashboard nil nil]
  * 0.200231::context:module: =[7 0 0 :ui emoji (+unicode) nil]
  * 0.200688::context:module: =[8 0 0 :ui hl-todo nil nil]
  * 0.201130::context:module: =[9 0 0 :ui indent-guides nil nil]
  * 0.201566::context:module: =[10 0 0 :ui ligatures nil nil]
  * 0.201603::context:module: =[11 0 0 :ui minimap nil nil]
  * 0.202294::context:module: =[12 0 0 :ui modeline nil nil]
  * 0.203788::context:module: =[13 0 0 :ui neotree nil nil]
  * 0.204434::context:module: =[14 0 0 :ui ophints nil nil]
  * 0.205414::context:module: =[15 0 0 :ui popup (+defaults) nil]
  * 0.205473::context:module: =[16 0 0 :ui tabs nil nil]
  * 0.206060::context:module: =[17 0 0 :ui treemacs nil nil]
  * 0.208183::context:module: =[18 0 0 :ui unicode nil nil]
  * 0.208633::context:module: =[19 0 0 :ui vc-gutter (+pretty) nil]
  * 0.209338::context:module: =[20 0 0 :ui vi-tilde-fringe nil nil]
  * 0.209780::context:module: =[21 0 0 :ui window-select nil nil]
  * 0.210775::context:module: =[22 0 0 :ui workspaces nil nil]
  * 0.211215::context:module: =[23 0 0 :ui zen nil nil]
  * 0.211984::context:module: =[24 0 0 :editor evil (+everywhere) nil]
  * 0.218254::context:module: =[25 0 0 :editor file-templates nil nil]
  * 0.218758::context:module: =[26 0 0 :editor fold nil nil]
  * 0.220153::context:module: =[27 0 0 :editor format (+onsave) nil]
  * 0.220682::context:module: =[28 0 0 :editor multiple-cursors nil nil]
  * 0.221672::context:module: =[29 0 0 :editor snippets nil nil]
  * 0.222741::context:module: =[30 0 0 :editor word-wrap nil nil]
  * 0.223487::context:module: =[31 0 0 :emacs dired nil nil]
  * 0.225681::context:module: =[32 0 0 :emacs electric nil nil]
  * 0.225719::context:module: =[33 0 0 :emacs undo nil nil]
  * 0.227057::context:module: =[34 0 0 :emacs vc nil nil]
  * 0.229363::context:module: =[35 0 0 :checkers syntax nil nil]
  * 0.230384::context:module: =[36 0 0 :checkers grammar nil nil]
  * 0.231137::context:module: =[37 0 0 :tools debugger nil nil]
  * 0.232435::context:module: =[38 0 0 :tools docker nil nil]
  * 0.233518::context:module: =[39 0 0 :tools editorconfig nil nil]
  * 0.234099::context:module: =[40 0 0 :tools eval (+overlay) nil]
  * 0.235274::context:module: =[41 0 0 :tools gist nil nil]
  * 0.235906::context:module: =[42 0 0 :tools lookup nil nil]
  * 0.239566::context:module: =[43 0 0 :tools lsp nil nil]
  * 0.242154::context:module: =[44 0 0 :tools magit nil nil]
  * 0.243734::context:module: =[45 0 0 :tools pass nil nil]
  * 0.245386::context:module: =[46 0 0 :tools pdf nil nil]
  * 0.246274::context:module: =[47 0 0 :tools rgb nil nil]
  * 0.247148::context:module: =[48 0 0 :tools tmux nil nil]
  * 0.247196::context:module: =[49 0 0 :tools tree-sitter nil nil]
  * 0.248596::context:module: =[50 0 0 :tools upload nil nil]
  * 0.249096::context:module: =[51 0 0 :os tty nil nil]
  * 0.250121::context:module: =[52 0 0 :lang data nil nil]
  * 0.250591::context:module: =[53 0 0 :lang emacs-lisp nil nil]
  * 0.253529::context:module: =[54 0 0 :lang javascript nil nil]
  * 0.256179::context:module: =[55 0 0 :lang latex nil nil]
  * 0.259020::context:module: =[56 0 0 :lang lua (+lsp) nil]
  * 0.260571::context:module: =[57 0 0 :lang markdown nil nil]
  * 0.262232::context:module: =[58 0 0 :lang nix nil nil]
  * 0.263566::context:module: =[59 0 0 :lang org nil nil]
  * 0.277501::context:module: =[60 0 0 :lang php nil nil]
  * 0.281320::context:module: =[61 0 0 :lang python nil nil]
  * 0.286229::context:module: =[62 0 0 :lang rest nil nil]
  * 0.287566::context:module: =[63 0 0 :lang scheme (+guile) nil]
  * 0.291379::context:module: =[64 0 0 :lang sh nil nil]
  * 0.292389::context:module: =[65 0 0 :email mu4e (+org +gmail) nil]
  * 0.293156::context:module: =[66 0 0 :app calendar nil nil]
  * 0.294938::context:module: =[67 0 0 :config default (+bindings +smartparens) nil]
  * 0.296280::context:module: =[1 105 -105 :user nil nil nil]
  > Installing packages...
    - No packages need to be installed
  > (Re)building packages...
    - No packages need rebuilding
  > Purging orphaned packages (for the emperor)...
    - Skipping builds
    - Skipping elpa packages
    - Skipping repos
    - Skipping regrafting
  > (Re)building profile in /home/vermium/.config/emacs/.local/etc/@/...
    > Deleting old init files...
    > Generating 4 init files...
    > Byte-compiling ~/.config/emacs/.local/etc/@init.28.el...
    ✓ Built init.28.elc
  - Restart Emacs or use 'M-x doom/reload' for changes to take effect
* 1.011973:*:cli:Finished (GCs: 0, elapsed: 0.000000s)
* 1.011973:*:cli:Finished (GCs: 0, elapsed: 0.000000s)
